<?xml version="1.0" encoding="UTF-8"?>
<!-- Generated by org.testng.reporters.JUnitXMLReporter -->
<testsuite hostname="DESKTOP-8BMKDBU" ignored="0" name="Default test" tests="9" failures="0" timestamp="12 Jul 2019 16:26:32 GMT" time="53.944" errors="0">
  <testcase name="FormFill" time="4.263" classname="module9.TestCase.DDT"/>
  <testcase name="FormFill" time="3.899" classname="module9.TestCase.DDT"/>
  <testcase name="FormFill" time="3.808" classname="module9.TestCase.DDT"/>
  <testcase name="FormFill" time="3.854" classname="module9.TestCase.DDT"/>
  <testcase name="FormFill" time="3.737" classname="module9.TestCase.DDT"/>
  <testcase name="FormFill" time="3.72" classname="module9.TestCase.DDT"/>
  <testcase name="FormFill" time="3.664" classname="module9.TestCase.DDT"/>
  <testcase name="FormFill" time="3.79" classname="module9.TestCase.DDT"/>
  <testcase name="FormFill" time="3.714" classname="module9.TestCase.DDT"/>
</testsuite> <!-- Default test -->
