<?xml version="1.0" encoding="UTF-8"?>
<!-- Generated by org.testng.reporters.JUnitXMLReporter -->
<testsuite hostname="DESKTOP-8BMKDBU" ignored="0" name="Chrome1" tests="3" failures="0" timestamp="09 Jul 2019 16:57:46 GMT" time="21.48" errors="0">
  <testcase name="openBrowser" time="9.4" classname="module6.Scenario3"/>
  <testcase name="login_TestCase" time="8.857" classname="module6.Scenario3"/>
  <testcase name="closeBrowser" time="3.078" classname="module6.Scenario3"/>
</testsuite> <!-- Chrome1 -->
