<?xml version="1.0" encoding="UTF-8"?>
<!-- Generated by org.testng.reporters.JUnitXMLReporter -->
<testsuite hostname="DESKTOP-8BMKDBU" ignored="0" name="Parameter Test" tests="3" failures="2" timestamp="09 Jul 2019 15:55:34 GMT" time="21.126" errors="0">
  <testcase name="openBrowser" time="20.969" classname="module6.Scenario3"/>
  <testcase name="login_TestCase" time="0.005" classname="module6.Scenario3">
    <failure type="java.lang.NullPointerException">
      <![CDATA[java.lang.NullPointerException
at module6.Scenario3.login_TestCase(Scenario3.java:43)
... Removed 25 stack frames]]>
    </failure>
  </testcase> <!-- login_TestCase -->
  <testcase name="closeBrowser" time="0.008" classname="module6.Scenario3">
    <failure type="java.lang.NullPointerException">
      <![CDATA[java.lang.NullPointerException
at module6.Scenario3.closeBrowser(Scenario3.java:49)
... Removed 25 stack frames]]>
    </failure>
  </testcase> <!-- closeBrowser -->
</testsuite> <!-- Parameter Test -->
