<?xml version="1.0" encoding="UTF-8"?>
<!-- Generated by org.testng.reporters.JUnitXMLReporter -->
<testsuite hostname="DESKTOP-8BMKDBU" ignored="0" name="Chrome1" tests="3" failures="0" timestamp="09 Jul 2019 16:28:38 GMT" time="21.165" errors="0">
  <testcase name="openBrowser" time="10.461" classname="module6.Scenario3"/>
  <testcase name="login_TestCase" time="7.854" classname="module6.Scenario3"/>
  <testcase name="closeBrowser" time="2.71" classname="module6.Scenario3"/>
</testsuite> <!-- Chrome1 -->
