<?xml version="1.0" encoding="UTF-8"?>
<testng-results skipped="0" failed="0" ignored="0" total="9" passed="9">
  <reporter-output>
  </reporter-output>
  <suite name="Default suite" duration-ms="53944" started-at="2019-07-12T16:25:38Z" finished-at="2019-07-12T16:26:32Z">
    <groups>
    </groups>
    <test name="Default test" duration-ms="53944" started-at="2019-07-12T16:25:38Z" finished-at="2019-07-12T16:26:32Z">
      <class name="module9.TestCase.DDT">
        <test-method status="PASS" signature="OpenBrowser()[pri:0, instance:module9.TestCase.DDT@45820e51]" name="OpenBrowser" is-config="true" duration-ms="14084" started-at="2019-07-12T16:25:38Z" finished-at="2019-07-12T16:25:52Z">
          <reporter-output>
          </reporter-output>
        </test-method> <!-- OpenBrowser -->
        <test-method status="PASS" signature="FormFill(java.lang.String, java.lang.String, java.lang.String)[pri:0, instance:module9.TestCase.DDT@45820e51]" name="FormFill" duration-ms="4263" started-at="2019-07-12T16:25:55Z" data-provider="testDataFeed" finished-at="2019-07-12T16:25:59Z">
          <params>
            <param index="0">
              <value>
                <![CDATA[Amit]]>
              </value>
            </param>
            <param index="1">
              <value>
                <![CDATA[Jain]]>
              </value>
            </param>
            <param index="2">
              <value>
                <![CDATA[Gujrat]]>
              </value>
            </param>
          </params>
          <reporter-output>
          </reporter-output>
        </test-method> <!-- FormFill -->
        <test-method status="PASS" signature="FormFill(java.lang.String, java.lang.String, java.lang.String)[pri:0, instance:module9.TestCase.DDT@45820e51]" name="FormFill" duration-ms="3899" started-at="2019-07-12T16:25:59Z" data-provider="testDataFeed" finished-at="2019-07-12T16:26:03Z">
          <params>
            <param index="0">
              <value>
                <![CDATA[Sam]]>
              </value>
            </param>
            <param index="1">
              <value>
                <![CDATA[Joseph]]>
              </value>
            </param>
            <param index="2">
              <value>
                <![CDATA[Goa]]>
              </value>
            </param>
          </params>
          <reporter-output>
          </reporter-output>
        </test-method> <!-- FormFill -->
        <test-method status="PASS" signature="FormFill(java.lang.String, java.lang.String, java.lang.String)[pri:0, instance:module9.TestCase.DDT@45820e51]" name="FormFill" duration-ms="3808" started-at="2019-07-12T16:26:03Z" data-provider="testDataFeed" finished-at="2019-07-12T16:26:07Z">
          <params>
            <param index="0">
              <value>
                <![CDATA[Sumit]]>
              </value>
            </param>
            <param index="1">
              <value>
                <![CDATA[Pandey]]>
              </value>
            </param>
            <param index="2">
              <value>
                <![CDATA[Delhi]]>
              </value>
            </param>
          </params>
          <reporter-output>
          </reporter-output>
        </test-method> <!-- FormFill -->
        <test-method status="PASS" signature="FormFill(java.lang.String, java.lang.String, java.lang.String)[pri:0, instance:module9.TestCase.DDT@45820e51]" name="FormFill" duration-ms="3854" started-at="2019-07-12T16:26:07Z" data-provider="testDataFeed" finished-at="2019-07-12T16:26:11Z">
          <params>
            <param index="0">
              <value>
                <![CDATA[James]]>
              </value>
            </param>
            <param index="1">
              <value>
                <![CDATA[Desuza]]>
              </value>
            </param>
            <param index="2">
              <value>
                <![CDATA[Mumbai]]>
              </value>
            </param>
          </params>
          <reporter-output>
          </reporter-output>
        </test-method> <!-- FormFill -->
        <test-method status="PASS" signature="FormFill(java.lang.String, java.lang.String, java.lang.String)[pri:0, instance:module9.TestCase.DDT@45820e51]" name="FormFill" duration-ms="3737" started-at="2019-07-12T16:26:11Z" data-provider="testDataFeed" finished-at="2019-07-12T16:26:15Z">
          <params>
            <param index="0">
              <value>
                <![CDATA[Rohit]]>
              </value>
            </param>
            <param index="1">
              <value>
                <![CDATA[Joshi]]>
              </value>
            </param>
            <param index="2">
              <value>
                <![CDATA[Pune]]>
              </value>
            </param>
          </params>
          <reporter-output>
          </reporter-output>
        </test-method> <!-- FormFill -->
        <test-method status="PASS" signature="FormFill(java.lang.String, java.lang.String, java.lang.String)[pri:0, instance:module9.TestCase.DDT@45820e51]" name="FormFill" duration-ms="3720" started-at="2019-07-12T16:26:15Z" data-provider="testDataFeed" finished-at="2019-07-12T16:26:18Z">
          <params>
            <param index="0">
              <value>
                <![CDATA[Jain]]>
              </value>
            </param>
            <param index="1">
              <value>
                <![CDATA[Amit]]>
              </value>
            </param>
            <param index="2">
              <value>
                <![CDATA[Gujrat]]>
              </value>
            </param>
          </params>
          <reporter-output>
          </reporter-output>
        </test-method> <!-- FormFill -->
        <test-method status="PASS" signature="FormFill(java.lang.String, java.lang.String, java.lang.String)[pri:0, instance:module9.TestCase.DDT@45820e51]" name="FormFill" duration-ms="3664" started-at="2019-07-12T16:26:18Z" data-provider="testDataFeed" finished-at="2019-07-12T16:26:22Z">
          <params>
            <param index="0">
              <value>
                <![CDATA[Joseph]]>
              </value>
            </param>
            <param index="1">
              <value>
                <![CDATA[Sam]]>
              </value>
            </param>
            <param index="2">
              <value>
                <![CDATA[Goa]]>
              </value>
            </param>
          </params>
          <reporter-output>
          </reporter-output>
        </test-method> <!-- FormFill -->
        <test-method status="PASS" signature="FormFill(java.lang.String, java.lang.String, java.lang.String)[pri:0, instance:module9.TestCase.DDT@45820e51]" name="FormFill" duration-ms="3790" started-at="2019-07-12T16:26:22Z" data-provider="testDataFeed" finished-at="2019-07-12T16:26:26Z">
          <params>
            <param index="0">
              <value>
                <![CDATA[Pandey]]>
              </value>
            </param>
            <param index="1">
              <value>
                <![CDATA[Sumit]]>
              </value>
            </param>
            <param index="2">
              <value>
                <![CDATA[Delhi]]>
              </value>
            </param>
          </params>
          <reporter-output>
          </reporter-output>
        </test-method> <!-- FormFill -->
        <test-method status="PASS" signature="FormFill(java.lang.String, java.lang.String, java.lang.String)[pri:0, instance:module9.TestCase.DDT@45820e51]" name="FormFill" duration-ms="3714" started-at="2019-07-12T16:26:26Z" data-provider="testDataFeed" finished-at="2019-07-12T16:26:30Z">
          <params>
            <param index="0">
              <value>
                <![CDATA[Desuza]]>
              </value>
            </param>
            <param index="1">
              <value>
                <![CDATA[James]]>
              </value>
            </param>
            <param index="2">
              <value>
                <![CDATA[Mumbai]]>
              </value>
            </param>
          </params>
          <reporter-output>
          </reporter-output>
        </test-method> <!-- FormFill -->
        <test-method status="PASS" signature="QuitBrowser()[pri:0, instance:module9.TestCase.DDT@45820e51]" name="QuitBrowser" is-config="true" duration-ms="2686" started-at="2019-07-12T16:26:30Z" finished-at="2019-07-12T16:26:32Z">
          <reporter-output>
          </reporter-output>
        </test-method> <!-- QuitBrowser -->
      </class> <!-- module9.TestCase.DDT -->
    </test> <!-- Default test -->
  </suite> <!-- Default suite -->
</testng-results>
